<?xml version="1.0" encoding="UTF-8"?>
<testng-results skipped="0" failed="0" total="1" passed="1">
  <reporter-output>
  </reporter-output>
  <suite name="Default suite" duration-ms="45078" started-at="2015-10-11T04:28:57Z" finished-at="2015-10-11T04:29:42Z">
    <groups>
    </groups>
    <test name="Default test" duration-ms="45078" started-at="2015-10-11T04:28:57Z" finished-at="2015-10-11T04:29:42Z">
      <class name="scripts.Loginlogout2">
        <test-method status="PASS" signature="precondition()[pri:0, instance:scripts.Loginlogout2@1bc6a36e]" name="precondition" is-config="true" duration-ms="12779" started-at="2015-10-11T09:58:57Z" finished-at="2015-10-11T09:59:10Z">
          <reporter-output>
          </reporter-output>
        </test-method> <!-- precondition -->
        <test-method status="PASS" signature="testloginlogout()[pri:0, instance:scripts.Loginlogout2@1bc6a36e]" name="testloginlogout" duration-ms="31842" started-at="2015-10-11T09:59:10Z" finished-at="2015-10-11T09:59:42Z">
          <reporter-output>
          </reporter-output>
        </test-method> <!-- testloginlogout -->
        <test-method status="PASS" signature="postcondition()[pri:0, instance:scripts.Loginlogout2@1bc6a36e]" name="postcondition" is-config="true" duration-ms="425" started-at="2015-10-11T09:59:42Z" finished-at="2015-10-11T09:59:42Z">
          <reporter-output>
          </reporter-output>
        </test-method> <!-- postcondition -->
      </class> <!-- scripts.Loginlogout2 -->
    </test> <!-- Default test -->
  </suite> <!-- Default suite -->
</testng-results>
